<?xml version="1.0" encoding="UTF-8"?>
<!-- Generated by org.testng.reporters.JUnitReportReporter -->
<testsuite hostname="DESKTOP-0U1VA9V" failures="0" tests="3" name="rahulshettyacademy.Tests.SubmitOrderTest" time="33.838" errors="0" timestamp="2025-02-16T14:42:59 IST" skipped="0">
  <testcase classname="rahulshettyacademy.Tests.SubmitOrderTest" name="submitOrder" time="13.805"/>
  <testcase classname="rahulshettyacademy.Tests.SubmitOrderTest" name="submitOrder" time="9.134"/>
  <testcase classname="rahulshettyacademy.Tests.SubmitOrderTest" name="submitOrder" time="10.899"/>
</testsuite> <!-- rahulshettyacademy.Tests.SubmitOrderTest -->
